** Welcome to Lucee!
Simulation started at time Thu Aug  1 12:26:41 2013

Setting up object of type Grid::RectCart2D ...
Setting up object of type NodalFiniteElement2D::SerendipityElement ...
Setting up object of type DataStruct::Field2D ...
Setting up object of type Updater::EvalOnNodes2D ...
Setting up object of type DataStruct::Field2D ...
Setting up object of type DataStruct::Field2D ...
Setting up object of type DataStruct::Field2D ...
Setting up object of type DataStruct::Field2D ...
Setting up object of type DataStruct::Field2D ...
Setting up object of type DataStruct::Field2D ...
Setting up object of type DataStruct::Field2D ...
Setting up object of type Updater::EvalOnNodes2D ...
Setting up object of type Updater::EvalOnNodes2D ...
Setting up object of type Updater::PoissonBracket ...
Setting up object of type Updater::LenardBernsteinDragUpdater2D ...
Setting up object of type Updater::LenardBernsteinDiffUpdater2D ...
Setting up object of type Grid::RectCart1D ...
Setting up object of type NodalFiniteElement1D::Lobatto ...
Setting up object of type DataStruct::Field1D ...
Setting up object of type DataStruct::Field1D ...
Setting up object of type DataStruct::Field1D ...
Setting up object of type DataStruct::Field1D ...
Setting up object of type Updater::DistFuncMomentCalc1D ...
Setting up object of type DataStruct::Field1D ...
Setting up object of type Updater::DistFuncMomentCalc1D ...
Setting up object of type DataStruct::DynVector ...
Setting up object of type Updater::IntegrateNodalField1D ...
Setting up object of type DataStruct::DynVector ...
Setting up object of type Updater::RecordFieldInCell1D ...
Setting up object of type DataStruct::Field1D ...
Setting up object of type Updater::DistFuncMomentCalc1D ...
Setting up object of type DataStruct::DynVector ...
Setting up object of type Updater::IntegrateNodalField1D ...
Setting up object of type Updater::VelocitiesFromMomentsUpdater ...
Setting up object of type DataStruct::Field1D ...
Setting up object of type Updater::Copy1DTo2DNodalField ...
Setting up object of type Updater::ContFromDisCont1D ...
Setting up object of type DataStruct::DynVector ...
Setting up object of type Updater::NormGrad1D ...
-- Advancing solution from 0 to 2

-- Advancing solution from 2 to 4

-- Advancing solution from 4 to 6

-- Advancing solution from 6 to 8

-- Advancing solution from 8 to 10

-- Advancing solution from 10 to 12

-- Advancing solution from 12 to 14

-- Advancing solution from 14 to 16

-- Advancing solution from 16 to 18

-- Advancing solution from 18 to 20

Simulation took 153.911 seconds and finished at time Thu Aug  1 12:29:21 2013

