** Welcome to Lucee!
Simulation started at time Thu Aug  1 13:26:55 2013

Setting up object of type Grid::RectCart2D ...
Setting up object of type Grid::RectCart2D ...
Setting up object of type NodalFiniteElement2D::Serendipity ...
Setting up object of type NodalFiniteElement2D::Serendipity ...
Setting up object of type DataStruct::Field2D ...
Setting up object of type DataStruct::Field2D ...
Setting up object of type Updater::EvalOnNodes2D ...
Setting up object of type Updater::EvalOnNodes2D ...
Setting up object of type DataStruct::Field2D ...
Setting up object of type DataStruct::Field2D ...
Setting up object of type DataStruct::Field2D ...
Setting up object of type DataStruct::Field2D ...
Setting up object of type DataStruct::Field2D ...
Setting up object of type DataStruct::Field2D ...
Setting up object of type DataStruct::Field2D ...
Setting up object of type DataStruct::Field2D ...
Setting up object of type Updater::EvalOnNodes2D ...
Setting up object of type Updater::EvalOnNodes2D ...
Setting up object of type Updater::PoissonBracket ...
Setting up object of type Updater::PoissonBracket ...
Setting up object of type Grid::RectCart1D ...
Setting up object of type NodalFiniteElement1D::LagrangeTensor ...
Setting up object of type DataStruct::Field1D ...
Setting up object of type DataStruct::Field1D ...
Setting up object of type DataStruct::Field1D ...
Setting up object of type DataStruct::Field1D ...
Setting up object of type DataStruct::Field1D ...
Setting up object of type DataStruct::Field1D ...
Setting up object of type DataStruct::Field1D ...
Setting up object of type Updater::DistFuncMomentCalc1D ...
Setting up object of type Updater::DistFuncMomentCalc1D ...
Setting up object of type Updater::DistFuncMomentCalc1D ...
Setting up object of type Updater::DistFuncMomentCalc1D ...
Setting up object of type Updater::DistFuncMomentCalc1D ...
Setting up object of type Updater::DistFuncMomentCalc1D ...
Setting up object of type DataStruct::Field1D ...
Setting up object of type DataStruct::Field1D ...
Setting up object of type Updater::Copy1DTo2DNodalField ...
Setting up object of type Updater::Copy1DTo2DNodalField ...
Setting up object of type Updater::CopyContToDisCont1D ...
Setting up object of type Updater::ContFromDisCont1D ...
Setting up object of type DataStruct::DynVector ...
Setting up object of type Updater::NormGrad1D ...
-- Advancing solution from 0 to 2
Taking step 1 at time 0 with dt 2
Taking step 1 at time 0 with dt 5.49284e-05
Taking step 2 at time 5.49284e-05 with dt 5.49284e-05
Taking step 3 at time 0.000109857 with dt 5.49284e-05
Taking step 4 at time 0.000164785 with dt 5.49284e-05
Taking step 5 at time 0.000219714 with dt 5.49284e-05
Taking step 6 at time 0.000274642 with dt 5.49284e-05
Taking step 7 at time 0.000329571 with dt 5.49284e-05
Taking step 8 at time 0.000384499 with dt 5.49284e-05
Taking step 9 at time 0.000439428 with dt 5.49284e-05
Taking step 10 at time 0.000494356 with dt 5.49284e-05
Taking step 11 at time 0.000549284 with dt 5.49284e-05
Taking step 12 at time 0.000604213 with dt 5.49284e-05
Taking step 13 at time 0.000659141 with dt 5.49284e-05
Taking step 14 at time 0.00071407 with dt 5.49284e-05
Taking step 15 at time 0.000768998 with dt 5.49284e-05
Taking step 16 at time 0.000823927 with dt 5.49284e-05
Taking step 17 at time 0.000878855 with dt 5.49284e-05
Taking step 18 at time 0.000933784 with dt 5.49284e-05
Taking step 19 at time 0.000988712 with dt 5.49284e-05
Taking step 20 at time 0.00104364 with dt 5.49284e-05
Taking step 21 at time 0.00109857 with dt 5.49284e-05
Taking step 22 at time 0.0011535 with dt 5.49284e-05
Taking step 23 at time 0.00120843 with dt 5.49284e-05
Taking step 24 at time 0.00126335 with dt 5.49284e-05
Taking step 25 at time 0.00131828 with dt 5.49284e-05
Taking step 26 at time 0.00137321 with dt 5.49284e-05
Taking step 27 at time 0.00142814 with dt 5.49284e-05
Taking step 28 at time 0.00148307 with dt 5.49284e-05
Taking step 29 at time 0.001538 with dt 5.49284e-05
Taking step 30 at time 0.00159292 with dt 5.49284e-05
Taking step 31 at time 0.00164785 with dt 5.49284e-05
Taking step 32 at time 0.00170278 with dt 5.49284e-05
Taking step 33 at time 0.00175771 with dt 5.49284e-05
Taking step 34 at time 0.00181264 with dt 5.49284e-05
Taking step 35 at time 0.00186757 with dt 5.49284e-05
Taking step 36 at time 0.0019225 with dt 5.49284e-05
Taking step 37 at time 0.00197742 with dt 5.49284e-05
Taking step 38 at time 0.00203235 with dt 5.49284e-05
Taking step 39 at time 0.00208728 with dt 5.49284e-05
Taking step 40 at time 0.00214221 with dt 5.49284e-05
Taking step 41 at time 0.00219714 with dt 5.49284e-05
Taking step 42 at time 0.00225207 with dt 5.49284e-05
Taking step 43 at time 0.00230699 with dt 5.49284e-05
Taking step 44 at time 0.00236192 with dt 5.49284e-05
Taking step 45 at time 0.00241685 with dt 5.49284e-05
