** Welcome to Lucee!
Simulation started at time Mon Jul 22 10:26:02 2013

Setting up object of type Grid::RectCart2D ...
Setting up object of type NodalFiniteElement2D::SerendipityElement ...
Setting up object of type DataStruct::Field2D ...
Setting up object of type DataStruct::Field2D ...
Setting up object of type DataStruct::Field2D ...
Setting up object of type DataStruct::Field2D ...
Setting up object of type DataStruct::Field2D ...
Setting up object of type DataStruct::Field2D ...
Setting up object of type DataStruct::Field2D ...
Setting up object of type Updater::EvalOnNodes2D ...
Setting up object of type Updater::EvalOnNodes2D ...
Setting up object of type DataStruct::Field2D ...
Setting up object of type Updater::EvalOnNodes2D ...
Setting up object of type Updater::PoissonBracket ...
Setting up object of type Updater::LenardBernsteinDragUpdater2D ...
Setting up object of type Updater::LenardBernsteinDiffUpdater2D ...
Setting up object of type Grid::RectCart1D ...
Setting up object of type NodalFiniteElement1D::Lobatto ...
Setting up object of type DataStruct::Field1D ...
Setting up object of type DataStruct::Field1D ...
Setting up object of type DataStruct::Field1D ...
Setting up object of type DataStruct::Field1D ...
Setting up object of type Updater::DistFuncMomentCalc1D ...
Setting up object of type DataStruct::Field1D ...
Setting up object of type Updater::DistFuncMomentCalc1D ...
Setting up object of type DataStruct::Field1D ...
Setting up object of type Updater::DistFuncMomentCalc1D ...
Setting up object of type DataStruct::DynVector ...
Setting up object of type Updater::IntegrateNodalField1D ...
Setting up object of type DataStruct::DynVector ...
Setting up object of type Updater::RecordFieldInCell1D ...
Setting up object of type DataStruct::Field1D ...
Setting up object of type Updater::DistFuncMomentCalc1D ...
Setting up object of type DataStruct::DynVector ...
Setting up object of type Updater::IntegrateNodalField1D ...
Setting up object of type DataStruct::DynVector ...
Setting up object of type Updater::HeatFluxAtEdgeUpdater ...
Setting up object of type Updater::VelocitiesFromMomentsUpdater ...
Setting up object of type DataStruct::Field1D ...
Setting up object of type DataStruct::Field1D ...
Setting up object of type Updater::Copy1DTo2DNodalField ...
Setting up object of type Updater::BoltzmannPhiUpdater ...
Setting up object of type Updater::ContFromDisCont1D ...
Setting up object of type DataStruct::DynVector ...
Setting up object of type Updater::NormGrad1D ...
Setting up object of type BoundaryCondition::Const ...
Setting up object of type Updater::Bc2D ...
Setting up object of type Updater::Bc2D ...
-- Advancing solution from 0 to 0.001

Simulation took 84.9131 seconds and finished at time Mon Jul 22 10:27:33 2013

